This file contains any messages produced by compilers while
running configure, to aid debugging if configure makes a mistake.

It was created by libnl configure 3.2.21, which was
generated by GNU Autoconf 2.68.  Invocation command line was

  $ ./configure 

## --------- ##
## Platform. ##
## --------- ##

hostname = volkenstein
uname -m = x86_64
uname -r = 3.19.0-18-generic
uname -s = Linux
uname -v = #18-Ubuntu SMP Tue May 19 18:31:35 UTC 2015

/usr/bin/uname -p = unknown
/bin/uname -X     = unknown

/bin/arch              = unknown
/usr/bin/arch -k       = unknown
/usr/convex/getsysinfo = unknown
/usr/bin/hostinfo      = unknown
/bin/machine           = unknown
/usr/bin/oslevel       = unknown
/bin/universe          = unknown

PATH: /home/martin/.wp-cli/bin
PATH: /home/martin/.wp-cli/bin
PATH: /usr/local/sbin
PATH: /usr/local/bin
PATH: /usr/sbin
PATH: /usr/bin
PATH: /sbin
PATH: /bin
PATH: /usr/games
PATH: /usr/local/games
PATH: /usr/brlcad/bin


## ----------- ##
## Core tests. ##
## ----------- ##

configure:2162: checking for a BSD-compatible install
configure:2230: result: /usr/bin/install -c
configure:2241: checking whether build environment is sane
configure:2291: result: yes
configure:2432: checking for a thread-safe mkdir -p
configure:2471: result: /bin/mkdir -p
configure:2484: checking for gawk
configure:2500: found /usr/bin/gawk
configure:2511: result: gawk
configure:2522: checking whether make sets $(MAKE)
configure:2544: result: yes
configure:2635: checking whether make supports nested variables
configure:2652: result: yes
configure:2675: checking for style of include used by make
configure:2703: result: GNU
configure:2774: checking for gcc
configure:2790: found /usr/bin/gcc
configure:2801: result: gcc
configure:3030: checking for C compiler version
configure:3039: gcc --version >&5
gcc (Ubuntu 4.9.2-10ubuntu13) 4.9.2
Copyright (C) 2014 Free Software Foundation, Inc.
This is free software; see the source for copying conditions.  There is NO
warranty; not even for MERCHANTABILITY or FITNESS FOR A PARTICULAR PURPOSE.

configure:3050: $? = 0
configure:3039: gcc -v >&5
Using built-in specs.
COLLECT_GCC=gcc
COLLECT_LTO_WRAPPER=/usr/lib/gcc/x86_64-linux-gnu/4.9/lto-wrapper
Target: x86_64-linux-gnu
Configured with: ../src/configure -v --with-pkgversion='Ubuntu 4.9.2-10ubuntu13' --with-bugurl=file:///usr/share/doc/gcc-4.9/README.Bugs --enable-languages=c,c++,java,go,d,fortran,objc,obj-c++ --prefix=/usr --program-suffix=-4.9 --enable-shared --enable-linker-build-id --libexecdir=/usr/lib --without-included-gettext --enable-threads=posix --with-gxx-include-dir=/usr/include/c++/4.9 --libdir=/usr/lib --enable-nls --with-sysroot=/ --enable-clocale=gnu --enable-libstdcxx-debug --enable-libstdcxx-time=yes --enable-gnu-unique-object --disable-vtable-verify --enable-plugin --with-system-zlib --disable-browser-plugin --enable-java-awt=gtk --enable-gtk-cairo --with-java-home=/usr/lib/jvm/java-1.5.0-gcj-4.9-amd64/jre --enable-java-home --with-jvm-root-dir=/usr/lib/jvm/java-1.5.0-gcj-4.9-amd64 --with-jvm-jar-dir=/usr/lib/jvm-exports/java-1.5.0-gcj-4.9-amd64 --with-arch-directory=amd64 --with-ecj-jar=/usr/share/java/eclipse-ecj.jar --enable-objc-gc --enable-multiarch --disable-werror --with-arch-32=i686 --with-abi=m64 --with-multilib-list=m32,m64,mx32 --enable-multilib --with-tune=generic --enable-checking=release --build=x86_64-linux-gnu --host=x86_64-linux-gnu --target=x86_64-linux-gnu
Thread model: posix
gcc version 4.9.2 (Ubuntu 4.9.2-10ubuntu13) 
configure:3050: $? = 0
configure:3039: gcc -V >&5
gcc: error: unrecognized command line option '-V'
gcc: fatal error: no input files
compilation terminated.
configure:3050: $? = 4
configure:3039: gcc -qversion >&5
gcc: error: unrecognized command line option '-qversion'
gcc: fatal error: no input files
compilation terminated.
configure:3050: $? = 4
configure:3070: checking whether the C compiler works
configure:3092: gcc    conftest.c  >&5
configure:3096: $? = 0
configure:3144: result: yes
configure:3147: checking for C compiler default output file name
configure:3149: result: a.out
configure:3155: checking for suffix of executables
configure:3162: gcc -o conftest    conftest.c  >&5
configure:3166: $? = 0
configure:3188: result: 
configure:3210: checking whether we are cross compiling
configure:3218: gcc -o conftest    conftest.c  >&5
configure:3222: $? = 0
configure:3229: ./conftest
configure:3233: $? = 0
configure:3248: result: no
configure:3253: checking for suffix of object files
configure:3275: gcc -c   conftest.c >&5
configure:3279: $? = 0
configure:3300: result: o
configure:3304: checking whether we are using the GNU C compiler
configure:3323: gcc -c   conftest.c >&5
configure:3323: $? = 0
configure:3332: result: yes
configure:3341: checking whether gcc accepts -g
configure:3361: gcc -c -g  conftest.c >&5
configure:3361: $? = 0
configure:3402: result: yes
configure:3419: checking for gcc option to accept ISO C89
configure:3483: gcc  -c -g -O2  conftest.c >&5
configure:3483: $? = 0
configure:3496: result: none needed
configure:3518: checking dependency style of gcc
configure:3629: result: gcc3
configure:3694: checking for ar
configure:3710: found /usr/bin/ar
configure:3721: result: ar
configure:3747: checking the archiver (ar) interface
configure:3757: gcc -c -g -O2  conftest.c >&5
configure:3757: $? = 0
configure:3759: ar cru libconftest.a conftest.o >&5
configure:3762: $? = 0
configure:3785: result: ar
configure:3870: checking for gcc
configure:3897: result: gcc
configure:4126: checking for C compiler version
configure:4135: gcc --version >&5
gcc (Ubuntu 4.9.2-10ubuntu13) 4.9.2
Copyright (C) 2014 Free Software Foundation, Inc.
This is free software; see the source for copying conditions.  There is NO
warranty; not even for MERCHANTABILITY or FITNESS FOR A PARTICULAR PURPOSE.

configure:4146: $? = 0
configure:4135: gcc -v >&5
Using built-in specs.
COLLECT_GCC=gcc
COLLECT_LTO_WRAPPER=/usr/lib/gcc/x86_64-linux-gnu/4.9/lto-wrapper
Target: x86_64-linux-gnu
Configured with: ../src/configure -v --with-pkgversion='Ubuntu 4.9.2-10ubuntu13' --with-bugurl=file:///usr/share/doc/gcc-4.9/README.Bugs --enable-languages=c,c++,java,go,d,fortran,objc,obj-c++ --prefix=/usr --program-suffix=-4.9 --enable-shared --enable-linker-build-id --libexecdir=/usr/lib --without-included-gettext --enable-threads=posix --with-gxx-include-dir=/usr/include/c++/4.9 --libdir=/usr/lib --enable-nls --with-sysroot=/ --enable-clocale=gnu --enable-libstdcxx-debug --enable-libstdcxx-time=yes --enable-gnu-unique-object --disable-vtable-verify --enable-plugin --with-system-zlib --disable-browser-plugin --enable-java-awt=gtk --enable-gtk-cairo --with-java-home=/usr/lib/jvm/java-1.5.0-gcj-4.9-amd64/jre --enable-java-home --with-jvm-root-dir=/usr/lib/jvm/java-1.5.0-gcj-4.9-amd64 --with-jvm-jar-dir=/usr/lib/jvm-exports/java-1.5.0-gcj-4.9-amd64 --with-arch-directory=amd64 --with-ecj-jar=/usr/share/java/eclipse-ecj.jar --enable-objc-gc --enable-multiarch --disable-werror --with-arch-32=i686 --with-abi=m64 --with-multilib-list=m32,m64,mx32 --enable-multilib --with-tune=generic --enable-checking=release --build=x86_64-linux-gnu --host=x86_64-linux-gnu --target=x86_64-linux-gnu
Thread model: posix
gcc version 4.9.2 (Ubuntu 4.9.2-10ubuntu13) 
configure:4146: $? = 0
configure:4135: gcc -V >&5
gcc: error: unrecognized command line option '-V'
gcc: fatal error: no input files
compilation terminated.
configure:4146: $? = 4
configure:4135: gcc -qversion >&5
gcc: error: unrecognized command line option '-qversion'
gcc: fatal error: no input files
compilation terminated.
configure:4146: $? = 4
configure:4150: checking whether we are using the GNU C compiler
configure:4178: result: yes
configure:4187: checking whether gcc accepts -g
configure:4248: result: yes
configure:4265: checking for gcc option to accept ISO C89
configure:4342: result: none needed
configure:4364: checking dependency style of gcc
configure:4475: result: gcc3
configure:4491: checking whether gcc and cc understand -c and -o together
configure:4522: gcc -c conftest.c -o conftest2.o >&5
configure:4526: $? = 0
configure:4532: gcc -c conftest.c -o conftest2.o >&5
configure:4536: $? = 0
configure:4547: cc -c conftest.c >&5
configure:4551: $? = 0
configure:4559: cc -c conftest.c -o conftest2.o >&5
configure:4563: $? = 0
configure:4569: cc -c conftest.c -o conftest2.o >&5
configure:4573: $? = 0
configure:4591: result: yes
configure:4646: checking build system type
configure:4660: result: x86_64-unknown-linux-gnu
configure:4680: checking host system type
configure:4693: result: x86_64-unknown-linux-gnu
configure:4734: checking how to print strings
configure:4761: result: printf
configure:4782: checking for a sed that does not truncate output
configure:4846: result: /bin/sed
configure:4864: checking for grep that handles long lines and -e
configure:4922: result: /bin/grep
configure:4927: checking for egrep
configure:4989: result: /bin/grep -E
configure:4994: checking for fgrep
configure:5056: result: /bin/grep -F
configure:5091: checking for ld used by gcc
configure:5158: result: /usr/bin/ld
configure:5165: checking if the linker (/usr/bin/ld) is GNU ld
configure:5180: result: yes
configure:5192: checking for BSD- or MS-compatible name lister (nm)
configure:5241: result: /usr/bin/nm -B
configure:5371: checking the name lister (/usr/bin/nm -B) interface
configure:5378: gcc -c -g -O2  conftest.c >&5
configure:5381: /usr/bin/nm -B "conftest.o"
configure:5384: output
0000000000000000 B some_variable
configure:5391: result: BSD nm
configure:5394: checking whether ln -s works
configure:5398: result: yes
configure:5406: checking the maximum length of command line arguments
configure:5536: result: 1572864
configure:5553: checking whether the shell understands some XSI constructs
configure:5563: result: yes
configure:5567: checking whether the shell understands "+="
configure:5573: result: yes
configure:5608: checking how to convert x86_64-unknown-linux-gnu file names to x86_64-unknown-linux-gnu format
configure:5648: result: func_convert_file_noop
configure:5655: checking how to convert x86_64-unknown-linux-gnu file names to toolchain format
configure:5675: result: func_convert_file_noop
configure:5682: checking for /usr/bin/ld option to reload object files
configure:5689: result: -r
configure:5763: checking for objdump
configure:5779: found /usr/bin/objdump
configure:5790: result: objdump
configure:5822: checking how to recognize dependent libraries
configure:6024: result: pass_all
configure:6109: checking for dlltool
configure:6139: result: no
configure:6169: checking how to associate runtime and link libraries
configure:6196: result: printf %s\n
configure:6320: checking for archiver @FILE support
configure:6337: gcc -c -g -O2  conftest.c >&5
configure:6337: $? = 0
configure:6340: ar cru libconftest.a @conftest.lst >&5
configure:6343: $? = 0
configure:6348: ar cru libconftest.a @conftest.lst >&5
ar: conftest.o: No such file or directory
configure:6351: $? = 1
configure:6363: result: @
configure:6421: checking for strip
configure:6437: found /usr/bin/strip
configure:6448: result: strip
configure:6520: checking for ranlib
configure:6536: found /usr/bin/ranlib
configure:6547: result: ranlib
configure:6649: checking command to parse /usr/bin/nm -B output from gcc object
configure:6769: gcc -c -g -O2  conftest.c >&5
configure:6772: $? = 0
configure:6776: /usr/bin/nm -B conftest.o \| sed -n -e 's/^.*[ ]\([ABCDGIRSTW][ABCDGIRSTW]*\)[ ][ ]*\([_A-Za-z][_A-Za-z0-9]*\)$/\1 \2 \2/p' | sed '/ __gnu_lto/d' \> conftest.nm
configure:6779: $? = 0
configure:6845: gcc -o conftest -g -O2   conftest.c conftstm.o >&5
configure:6848: $? = 0
configure:6886: result: ok
configure:6923: checking for sysroot
configure:6953: result: no
configure:7030: gcc -c -g -O2  conftest.c >&5
configure:7033: $? = 0
configure:7209: checking for mt
configure:7225: found /bin/mt
configure:7236: result: mt
configure:7259: checking if mt is a manifest tool
configure:7265: mt '-?'
configure:7273: result: no
configure:7915: checking how to run the C preprocessor
configure:7946: gcc -E  conftest.c
configure:7946: $? = 0
configure:7960: gcc -E  conftest.c
conftest.c:11:28: fatal error: ac_nonexistent.h: No such file or directory
 #include <ac_nonexistent.h>
                            ^
compilation terminated.
configure:7960: $? = 1
configure: failed program was:
| /* confdefs.h */
| #define PACKAGE_NAME "libnl"
| #define PACKAGE_TARNAME "libnl"
| #define PACKAGE_VERSION "3.2.21"
| #define PACKAGE_STRING "libnl 3.2.21"
| #define PACKAGE_BUGREPORT ""
| #define PACKAGE_URL "http://www.infradead.org/~tgr/libnl/"
| #define PACKAGE "libnl"
| #define VERSION "3.2.21"
| /* end confdefs.h.  */
| #include <ac_nonexistent.h>
configure:7985: result: gcc -E
configure:8005: gcc -E  conftest.c
configure:8005: $? = 0
configure:8019: gcc -E  conftest.c
conftest.c:11:28: fatal error: ac_nonexistent.h: No such file or directory
 #include <ac_nonexistent.h>
                            ^
compilation terminated.
configure:8019: $? = 1
configure: failed program was:
| /* confdefs.h */
| #define PACKAGE_NAME "libnl"
| #define PACKAGE_TARNAME "libnl"
| #define PACKAGE_VERSION "3.2.21"
| #define PACKAGE_STRING "libnl 3.2.21"
| #define PACKAGE_BUGREPORT ""
| #define PACKAGE_URL "http://www.infradead.org/~tgr/libnl/"
| #define PACKAGE "libnl"
| #define VERSION "3.2.21"
| /* end confdefs.h.  */
| #include <ac_nonexistent.h>
configure:8048: checking for ANSI C header files
configure:8068: gcc -c -g -O2  conftest.c >&5
configure:8068: $? = 0
configure:8141: gcc -o conftest -g -O2   conftest.c  >&5
configure:8141: $? = 0
configure:8141: ./conftest
configure:8141: $? = 0
configure:8152: result: yes
configure:8165: checking for sys/types.h
configure:8165: gcc -c -g -O2  conftest.c >&5
configure:8165: $? = 0
configure:8165: result: yes
configure:8165: checking for sys/stat.h
configure:8165: gcc -c -g -O2  conftest.c >&5
configure:8165: $? = 0
configure:8165: result: yes
configure:8165: checking for stdlib.h
configure:8165: gcc -c -g -O2  conftest.c >&5
configure:8165: $? = 0
configure:8165: result: yes
configure:8165: checking for string.h
configure:8165: gcc -c -g -O2  conftest.c >&5
configure:8165: $? = 0
configure:8165: result: yes
configure:8165: checking for memory.h
configure:8165: gcc -c -g -O2  conftest.c >&5
configure:8165: $? = 0
configure:8165: result: yes
configure:8165: checking for strings.h
configure:8165: gcc -c -g -O2  conftest.c >&5
configure:8165: $? = 0
configure:8165: result: yes
configure:8165: checking for inttypes.h
configure:8165: gcc -c -g -O2  conftest.c >&5
configure:8165: $? = 0
configure:8165: result: yes
configure:8165: checking for stdint.h
configure:8165: gcc -c -g -O2  conftest.c >&5
configure:8165: $? = 0
configure:8165: result: yes
configure:8165: checking for unistd.h
configure:8165: gcc -c -g -O2  conftest.c >&5
configure:8165: $? = 0
configure:8165: result: yes
configure:8179: checking for dlfcn.h
configure:8179: gcc -c -g -O2  conftest.c >&5
configure:8179: $? = 0
configure:8179: result: yes
configure:8385: checking for objdir
configure:8400: result: .libs
configure:8671: checking if gcc supports -fno-rtti -fno-exceptions
configure:8689: gcc -c -g -O2  -fno-rtti -fno-exceptions conftest.c >&5
cc1: warning: command line option '-fno-rtti' is valid for C++/ObjC++ but not for C
configure:8693: $? = 0
configure:8706: result: no
configure:9033: checking for gcc option to produce PIC
configure:9040: result: -fPIC -DPIC
configure:9048: checking if gcc PIC flag -fPIC -DPIC works
configure:9066: gcc -c -g -O2  -fPIC -DPIC -DPIC conftest.c >&5
configure:9070: $? = 0
configure:9083: result: yes
configure:9112: checking if gcc static flag -static works
configure:9140: result: yes
configure:9155: checking if gcc supports -c -o file.o
configure:9176: gcc -c -g -O2  -o out/conftest2.o conftest.c >&5
configure:9180: $? = 0
configure:9202: result: yes
configure:9210: checking if gcc supports -c -o file.o
configure:9257: result: yes
configure:9290: checking whether the gcc linker (/usr/bin/ld -m elf_x86_64) supports shared libraries
configure:10443: result: yes
configure:10480: checking whether -lc should be explicitly linked in
configure:10488: gcc -c -g -O2  conftest.c >&5
configure:10491: $? = 0
configure:10506: gcc -shared  -fPIC -DPIC conftest.o  -v -Wl,-soname -Wl,conftest -o conftest 2\>\&1 \| /bin/grep  -lc  \>/dev/null 2\>\&1
configure:10509: $? = 0
configure:10523: result: no
configure:10683: checking dynamic linker characteristics
configure:11194: gcc -o conftest -g -O2   -Wl,-rpath -Wl,/foo conftest.c  >&5
configure:11194: $? = 0
configure:11420: result: GNU/Linux ld.so
configure:11527: checking how to hardcode library paths into programs
configure:11552: result: immediate
configure:12092: checking whether stripping libraries is possible
configure:12097: result: yes
configure:12132: checking if libtool supports shared libraries
configure:12134: result: yes
configure:12137: checking whether to build shared libraries
configure:12158: result: yes
configure:12161: checking whether to build static libraries
configure:12165: result: yes
configure:12206: checking for flex
configure:12222: found /usr/bin/flex
configure:12233: result: flex
configure:12248: checking for bison
configure:12264: found /usr/bin/bison
configure:12275: result: bison -y
configure:12287: checking for an ANSI C-conforming const
configure:12352: gcc -c -g -O2  conftest.c >&5
configure:12352: $? = 0
configure:12359: result: yes
configure:12367: checking for inline
configure:12383: gcc -c -g -O2  conftest.c >&5
configure:12383: $? = 0
configure:12391: result: inline
configure:12452: checking for pow in -lm
configure:12477: gcc -o conftest -g -O2   conftest.c -lm   >&5
conftest.c:30:6: warning: conflicting types for built-in function 'pow'
 char pow ();
      ^
configure:12477: $? = 0
configure:12486: result: yes
configure:12505: checking for pthread_mutex_lock in -lpthread
configure:12530: gcc -o conftest -g -O2   conftest.c -lpthread  -lm  >&5
configure:12530: $? = 0
configure:12539: result: yes
configure:12719: creating ./config.status

## ---------------------- ##
## Running config.status. ##
## ---------------------- ##

This file was extended by libnl config.status 3.2.21, which was
generated by GNU Autoconf 2.68.  Invocation command line was

  CONFIG_FILES    = 
  CONFIG_HEADERS  = 
  CONFIG_LINKS    = 
  CONFIG_COMMANDS = 
  $ ./config.status 

on volkenstein

config.status:1126: creating Makefile
config.status:1126: creating libnl-3.0.pc
config.status:1126: creating libnl-route-3.0.pc
config.status:1126: creating libnl-genl-3.0.pc
config.status:1126: creating libnl-nf-3.0.pc
config.status:1126: creating libnl-cli-3.0.pc
config.status:1126: creating lib/Makefile
config.status:1126: creating include/Makefile
config.status:1126: creating src/Makefile
config.status:1126: creating src/lib/Makefile
config.status:1126: creating tests/Makefile
config.status:1126: creating man/Makefile
config.status:1126: creating python/Makefile
config.status:1126: creating python/setup.py
config.status:1126: creating python/netlink/Makefile
config.status:1126: creating python/netlink/route/Makefile
config.status:1126: creating include/netlink/version.h
config.status:1126: creating lib/defs.h
config.status:1355: executing depfiles commands
config.status:1355: executing libtool commands

## ---------------- ##
## Cache variables. ##
## ---------------- ##

ac_cv_build=x86_64-unknown-linux-gnu
ac_cv_c_compiler_gnu=yes
ac_cv_c_const=yes
ac_cv_c_inline=inline
ac_cv_env_CC_set=
ac_cv_env_CC_value=
ac_cv_env_CFLAGS_set=
ac_cv_env_CFLAGS_value=
ac_cv_env_CPPFLAGS_set=
ac_cv_env_CPPFLAGS_value=
ac_cv_env_CPP_set=
ac_cv_env_CPP_value=
ac_cv_env_LDFLAGS_set=
ac_cv_env_LDFLAGS_value=
ac_cv_env_LIBS_set=
ac_cv_env_LIBS_value=
ac_cv_env_build_alias_set=
ac_cv_env_build_alias_value=
ac_cv_env_host_alias_set=
ac_cv_env_host_alias_value=
ac_cv_env_target_alias_set=
ac_cv_env_target_alias_value=
ac_cv_header_dlfcn_h=yes
ac_cv_header_inttypes_h=yes
ac_cv_header_memory_h=yes
ac_cv_header_stdc=yes
ac_cv_header_stdint_h=yes
ac_cv_header_stdlib_h=yes
ac_cv_header_string_h=yes
ac_cv_header_strings_h=yes
ac_cv_header_sys_stat_h=yes
ac_cv_header_sys_types_h=yes
ac_cv_header_unistd_h=yes
ac_cv_host=x86_64-unknown-linux-gnu
ac_cv_lib_m_pow=yes
ac_cv_lib_pthread_pthread_mutex_lock=yes
ac_cv_objext=o
ac_cv_path_EGREP='/bin/grep -E'
ac_cv_path_FGREP='/bin/grep -F'
ac_cv_path_GREP=/bin/grep
ac_cv_path_SED=/bin/sed
ac_cv_path_install='/usr/bin/install -c'
ac_cv_path_mkdir=/bin/mkdir
ac_cv_prog_AWK=gawk
ac_cv_prog_CPP='gcc -E'
ac_cv_prog_FLEX=flex
ac_cv_prog_YACC='bison -y'
ac_cv_prog_ac_ct_AR=ar
ac_cv_prog_ac_ct_CC=gcc
ac_cv_prog_ac_ct_MANIFEST_TOOL=mt
ac_cv_prog_ac_ct_OBJDUMP=objdump
ac_cv_prog_ac_ct_RANLIB=ranlib
ac_cv_prog_ac_ct_STRIP=strip
ac_cv_prog_cc_c89=
ac_cv_prog_cc_g=yes
ac_cv_prog_cc_gcc_c_o=yes
ac_cv_prog_make_make_set=yes
am_cv_CC_dependencies_compiler_type=gcc3
am_cv_ar_interface=ar
am_cv_make_support_nested_variables=yes
lt_cv_ar_at_file=@
lt_cv_archive_cmds_need_lc=no
lt_cv_deplibs_check_method=pass_all
lt_cv_file_magic_cmd='$MAGIC_CMD'
lt_cv_file_magic_test_file=
lt_cv_ld_reload_flag=-r
lt_cv_nm_interface='BSD nm'
lt_cv_objdir=.libs
lt_cv_path_LD=/usr/bin/ld
lt_cv_path_NM='/usr/bin/nm -B'
lt_cv_path_mainfest_tool=no
lt_cv_prog_compiler_c_o=yes
lt_cv_prog_compiler_pic='-fPIC -DPIC'
lt_cv_prog_compiler_pic_works=yes
lt_cv_prog_compiler_rtti_exceptions=no
lt_cv_prog_compiler_static_works=yes
lt_cv_prog_gnu_ld=yes
lt_cv_sharedlib_from_linklib_cmd='printf %s\n'
lt_cv_shlibpath_overrides_runpath=no
lt_cv_sys_global_symbol_pipe='sed -n -e '\''s/^.*[	 ]\([ABCDGIRSTW][ABCDGIRSTW]*\)[	 ][	 ]*\([_A-Za-z][_A-Za-z0-9]*\)$/\1 \2 \2/p'\'' | sed '\''/ __gnu_lto/d'\'''
lt_cv_sys_global_symbol_to_c_name_address='sed -n -e '\''s/^: \([^ ]*\)[ ]*$/  {\"\1\", (void *) 0},/p'\'' -e '\''s/^[ABCDGIRSTW]* \([^ ]*\) \([^ ]*\)$/  {"\2", (void *) \&\2},/p'\'''
lt_cv_sys_global_symbol_to_c_name_address_lib_prefix='sed -n -e '\''s/^: \([^ ]*\)[ ]*$/  {\"\1\", (void *) 0},/p'\'' -e '\''s/^[ABCDGIRSTW]* \([^ ]*\) \(lib[^ ]*\)$/  {"\2", (void *) \&\2},/p'\'' -e '\''s/^[ABCDGIRSTW]* \([^ ]*\) \([^ ]*\)$/  {"lib\2", (void *) \&\2},/p'\'''
lt_cv_sys_global_symbol_to_cdecl='sed -n -e '\''s/^T .* \(.*\)$/extern int \1();/p'\'' -e '\''s/^[ABCDGIRSTW]* .* \(.*\)$/extern char \1;/p'\'''
lt_cv_sys_max_cmd_len=1572864
lt_cv_to_host_file_cmd=func_convert_file_noop
lt_cv_to_tool_file_cmd=func_convert_file_noop

## ----------------- ##
## Output variables. ##
## ----------------- ##

ACLOCAL='${SHELL} /data/intranet/software/rpconfig/libnl/build-aux/missing --run aclocal-1.11'
AMDEPBACKSLASH='\'
AMDEP_FALSE='#'
AMDEP_TRUE=''
AMTAR='$${TAR-tar}'
AM_BACKSLASH='\'
AM_DEFAULT_V='$(AM_DEFAULT_VERBOSITY)'
AM_DEFAULT_VERBOSITY='0'
AM_V='$(V)'
AR='ar'
AUTOCONF='${SHELL} /data/intranet/software/rpconfig/libnl/build-aux/missing --run autoconf'
AUTOHEADER='${SHELL} /data/intranet/software/rpconfig/libnl/build-aux/missing --run autoheader'
AUTOMAKE='${SHELL} /data/intranet/software/rpconfig/libnl/build-aux/missing --run automake-1.11'
AWK='gawk'
CC='gcc'
CCDEPMODE='depmode=gcc3'
CFLAGS='-g -O2'
CPP='gcc -E'
CPPFLAGS=''
CYGPATH_W='echo'
DEFS='-DHAVE_CONFIG_H'
DEPDIR='.deps'
DISABLE_PTHREADS_FALSE=''
DISABLE_PTHREADS_TRUE='#'
DLLTOOL='false'
DSYMUTIL=''
DUMPBIN=''
ECHO_C=''
ECHO_N='-n'
ECHO_T=''
EGREP='/bin/grep -E'
ENABLE_CLI_FALSE='#'
ENABLE_CLI_TRUE=''
EXEEXT=''
FGREP='/bin/grep -F'
FLEX='flex'
GREP='/bin/grep'
INSTALL_DATA='${INSTALL} -m 644'
INSTALL_PROGRAM='${INSTALL}'
INSTALL_SCRIPT='${INSTALL}'
INSTALL_STRIP_PROGRAM='$(install_sh) -c -s'
LD='/usr/bin/ld -m elf_x86_64'
LDFLAGS=''
LIBNL_VERSION='3.2.21'
LIBOBJS=''
LIBS='-lpthread -lm '
LIBTOOL='$(SHELL) $(top_builddir)/libtool'
LIPO=''
LN_S='ln -s'
LTLIBOBJS=''
LT_AGE='16'
LT_CURRENT='216'
LT_REVISION='1'
MAJ_VERSION='3'
MAKEINFO='${SHELL} /data/intranet/software/rpconfig/libnl/build-aux/missing --run makeinfo'
MANIFEST_TOOL=':'
MIC_VERSION='21'
MIN_VERSION='2'
MKDIR_P='/bin/mkdir -p'
NM='/usr/bin/nm -B'
NMEDIT=''
OBJDUMP='objdump'
OBJEXT='o'
OTOOL64=''
OTOOL=''
PACKAGE='libnl'
PACKAGE_BUGREPORT=''
PACKAGE_NAME='libnl'
PACKAGE_STRING='libnl 3.2.21'
PACKAGE_TARNAME='libnl'
PACKAGE_URL='http://www.infradead.org/~tgr/libnl/'
PACKAGE_VERSION='3.2.21'
PATH_SEPARATOR=':'
RANLIB='ranlib'
SED='/bin/sed'
SET_MAKE=''
SHELL='/bin/sh'
STRIP='strip'
VERSION='3.2.21'
YACC='bison -y'
ac_ct_AR='ar'
ac_ct_CC='gcc'
ac_ct_DUMPBIN=''
am__EXEEXT_FALSE=''
am__EXEEXT_TRUE='#'
am__fastdepCC_FALSE='#'
am__fastdepCC_TRUE=''
am__include='include'
am__isrc=''
am__leading_dot='.'
am__nodep='_no'
am__quote=''
am__tar='$${TAR-tar} chof - "$$tardir"'
am__untar='$${TAR-tar} xf -'
bindir='${exec_prefix}/bin'
build='x86_64-unknown-linux-gnu'
build_alias=''
build_cpu='x86_64'
build_os='linux-gnu'
build_vendor='unknown'
datadir='${datarootdir}'
datarootdir='${prefix}/share'
docdir='${datarootdir}/doc/${PACKAGE_TARNAME}'
dvidir='${docdir}'
exec_prefix='${prefix}'
host='x86_64-unknown-linux-gnu'
host_alias=''
host_cpu='x86_64'
host_os='linux-gnu'
host_vendor='unknown'
htmldir='${docdir}'
includedir='${prefix}/include'
infodir='${datarootdir}/info'
install_sh='${SHELL} /data/intranet/software/rpconfig/libnl/build-aux/install-sh'
libdir='${exec_prefix}/lib'
libexecdir='${exec_prefix}/libexec'
localedir='${datarootdir}/locale'
localstatedir='${prefix}/var'
mandir='${datarootdir}/man'
mkdir_p='/bin/mkdir -p'
oldincludedir='/usr/include'
pdfdir='${docdir}'
pkgconfigdir='${libdir}/pkgconfig'
prefix='/usr/local'
program_transform_name='s,x,x,'
psdir='${docdir}'
sbindir='${exec_prefix}/sbin'
sharedstatedir='${prefix}/com'
subdirs=' doc'
sysconfdir='${prefix}/etc'
target_alias=''

## ----------- ##
## confdefs.h. ##
## ----------- ##

/* confdefs.h */
#define PACKAGE_NAME "libnl"
#define PACKAGE_TARNAME "libnl"
#define PACKAGE_VERSION "3.2.21"
#define PACKAGE_STRING "libnl 3.2.21"
#define PACKAGE_BUGREPORT ""
#define PACKAGE_URL "http://www.infradead.org/~tgr/libnl/"
#define PACKAGE "libnl"
#define VERSION "3.2.21"
#define STDC_HEADERS 1
#define HAVE_SYS_TYPES_H 1
#define HAVE_SYS_STAT_H 1
#define HAVE_STDLIB_H 1
#define HAVE_STRING_H 1
#define HAVE_MEMORY_H 1
#define HAVE_STRINGS_H 1
#define HAVE_INTTYPES_H 1
#define HAVE_STDINT_H 1
#define HAVE_UNISTD_H 1
#define HAVE_DLFCN_H 1
#define LT_OBJDIR ".libs/"
#define HAVE_LIBM 1
#define HAVE_LIBPTHREAD 1

configure: exit 0
